<?xml version="1.0" encoding="UTF-8"?>
<!-- Generated by org.testng.reporters.JUnitXMLReporter -->
<testsuite hostname="DESKTOP-PBDHMFH" ignored="0" name="Default test" tests="3" failures="0" timestamp="20 May 2018 14:25:59 GMT" time="37.544" errors="0">
  <testcase name="loginPageTitleTest" time="0.02" classname="com.qa.testcases.LoginPageTest"/>
  <testcase name="LogoImageTest" time="0.072" classname="com.qa.testcases.LoginPageTest"/>
  <testcase name="LoginTest" time="12.219" classname="com.qa.testcases.LoginPageTest"/>
</testsuite> <!-- Default test -->
